<?xml version="1.0" encoding="UTF-8"?>
<!-- Generated by org.testng.reporters.JUnitReportReporter -->
<testsuite hostname="DESKTOP-HAIIK4K" failures="0" tests="2" name="StepDefinition.windowspracticeagain" time="9.252" errors="0" timestamp="2026-06-20T09:02:43 IST" skipped="0">
  <testcase classname="StepDefinition.windowspracticeagain" name="method1" time="4.184"/>
  <testcase classname="StepDefinition.windowspracticeagain" name="method2" time="5.068"/>
</testsuite> <!-- StepDefinition.windowspracticeagain -->
